1527142932403	geckodriver	INFO	Listening on 127.0.0.1:12412
1527142934476	geckodriver::marionette	INFO	Starting browser \\?\C:\Program Files (x86)\Mozilla Firefox\firefox.exe with args ["-marionette"]
1527142935740	Marionette	INFO	Enabled via --marionette
1527142937099	Marionette	INFO	Listening on port 12418
1527142937589	Marionette	WARN	TLS certificate errors will be ignored for this session
JavaScript error: https://ss1.bdstatic.com/5eN1bjq8AAUYm2zgoY3K/r/www/cache/static/protocol/https/plugins/every_cookie_4644b13.js, line 4: ReferenceError: c is not defined
[Child 5652, Chrome_ChildThread] WARNING: pipe error: 109: file z:/build/build/src/ipc/chromium/src/chrome/common/ipc_channel_win.cc, line 346
1527142942888	geckodriver	INFO	Listening on 127.0.0.1:12464
1527142944971	geckodriver::marionette	INFO	Starting browser \\?\C:\Program Files (x86)\Mozilla Firefox\firefox.exe with args ["-marionette"]
1527142946217	Marionette	INFO	Enabled via --marionette
1527142947509	Marionette	INFO	Listening on port 12470
1527142948098	Marionette	WARN	TLS certificate errors will be ignored for this session
JavaScript error: https://ss1.bdstatic.com/5eN1bjq8AAUYm2zgoY3K/r/www/cache/static/protocol/https/plugins/every_cookie_4644b13.js, line 4: ReferenceError: c is not defined
1527142952012	geckodriver	INFO	Listening on 127.0.0.1:12511
1527142954071	geckodriver::marionette	INFO	Starting browser \\?\C:\Program Files (x86)\Mozilla Firefox\firefox.exe with args ["-marionette"]
1527142955303	Marionette	INFO	Enabled via --marionette
1527142956625	Marionette	INFO	Listening on port 12517
1527142957186	Marionette	WARN	TLS certificate errors will be ignored for this session
JavaScript error: https://ss1.bdstatic.com/5eN1bjq8AAUYm2zgoY3K/r/www/cache/static/protocol/https/plugins/every_cookie_4644b13.js, line 4: ReferenceError: c is not defined
[Parent 2312, Gecko_IOThread] WARNING: pipe error: 109: file z:/build/build/src/ipc/chromium/src/chrome/common/ipc_channel_win.cc, line 346
1527143025972	geckodriver	INFO	Listening on 127.0.0.1:12677
1527143028052	geckodriver::marionette	INFO	Starting browser \\?\C:\Program Files (x86)\Mozilla Firefox\firefox.exe with args ["-marionette"]
1527143029282	Marionette	INFO	Enabled via --marionette
1527143030621	Marionette	INFO	Listening on port 12683
1527143031168	Marionette	WARN	TLS certificate errors will be ignored for this session
JavaScript error: https://ss1.bdstatic.com/5eN1bjq8AAUYm2zgoY3K/r/www/cache/static/protocol/https/plugins/every_cookie_4644b13.js, line 4: ReferenceError: c is not defined
1527143034920	geckodriver	INFO	Listening on 127.0.0.1:12724
1527143037010	geckodriver::marionette	INFO	Starting browser \\?\C:\Program Files (x86)\Mozilla Firefox\firefox.exe with args ["-marionette"]
1527143038304	Marionette	INFO	Enabled via --marionette
1527143039675	Marionette	INFO	Listening on port 12730
1527143040141	Marionette	WARN	TLS certificate errors will be ignored for this session
JavaScript error: https://ss1.bdstatic.com/5eN1bjq8AAUYm2zgoY3K/r/www/cache/static/protocol/https/plugins/every_cookie_4644b13.js, line 4: ReferenceError: c is not defined
[Child 260, Chrome_ChildThread] WARNING: pipe error: 109: file z:/build/build/src/ipc/chromium/src/chrome/common/ipc_channel_win.cc, line 346
1527143044202	geckodriver	INFO	Listening on 127.0.0.1:12772
1527143046274	geckodriver::marionette	INFO	Starting browser \\?\C:\Program Files (x86)\Mozilla Firefox\firefox.exe with args ["-marionette"]
1527143047503	Marionette	INFO	Enabled via --marionette
1527143048878	Marionette	INFO	Listening on port 12778
1527143049385	Marionette	WARN	TLS certificate errors will be ignored for this session
JavaScript error: https://ss1.bdstatic.com/5eN1bjq8AAUYm2zgoY3K/r/www/cache/static/protocol/https/plugins/every_cookie_4644b13.js, line 4: ReferenceError: c is not defined
[Parent 6384, Gecko_IOThread] WARNING: pipe error: 109: file z:/build/build/src/ipc/chromium/src/chrome/common/ipc_channel_win.cc, line 346
1527143260784	geckodriver	INFO	Listening on 127.0.0.1:12826
1527143262869	geckodriver::marionette	INFO	Starting browser \\?\C:\Program Files (x86)\Mozilla Firefox\firefox.exe with args ["-marionette"]
1527143264227	Marionette	INFO	Enabled via --marionette
1527143265590	Marionette	INFO	Listening on port 12832
1527143265984	Marionette	WARN	TLS certificate errors will be ignored for this session
JavaScript error: https://ss1.bdstatic.com/5eN1bjq8AAUYm2zgoY3K/r/www/cache/static/protocol/https/plugins/every_cookie_4644b13.js, line 4: ReferenceError: c is not defined
JavaScript error: https://sp0.baidu.com/5a1Fazu8AA54nxGko9WTAnF6hhy/su?wd=py&json=1&p=3&sid=1436_21113_22074&req=2&csor=2&pwd=p&cb=jQuery110207794919420178679_1527143266453&_=1527143266456, line 1: TypeError: jQuery110207794919420178679_1527143266453 is not a function
JavaScript error: https://sp0.baidu.com/5a1Fazu8AA54nxGko9WTAnF6hhy/su?wd=p&json=1&p=3&sid=1436_21113_22074&req=2&csor=1&cb=jQuery110207794919420178679_1527143266453&_=1527143266455, line 1: TypeError: jQuery110207794919420178679_1527143266453 is not a function
JavaScript error: https://sp0.baidu.com/5a1Fazu8AA54nxGko9WTAnF6hhy/su?wd=pyth&json=1&p=3&sid=1436_21113_22074&req=2&csor=4&pwd=pyt&cb=jQuery110207794919420178679_1527143266453&_=1527143266458, line 1: TypeError: jQuery110207794919420178679_1527143266453 is not a function
JavaScript error: https://sp0.baidu.com/5a1Fazu8AA54nxGko9WTAnF6hhy/su?wd=pyt&json=1&p=3&sid=1436_21113_22074&req=2&csor=3&pwd=py&cb=jQuery110207794919420178679_1527143266453&_=1527143266457, line 1: TypeError: jQuery110207794919420178679_1527143266453 is not a function
JavaScript error: https://sp0.baidu.com/5a1Fazu8AA54nxGko9WTAnF6hhy/su?wd=python&json=1&p=3&sid=1436_21113_22074&req=2&csor=6&pwd=pytho&cb=jQuery110207794919420178679_1527143266453&_=1527143266460, line 1: TypeError: jQuery110207794919420178679_1527143266453 is not a function
JavaScript error: https://sp0.baidu.com/5a1Fazu8AA54nxGko9WTAnF6hhy/su?wd=pytho&json=1&p=3&sid=1436_21113_22074&req=2&csor=5&pwd=pyth&cb=jQuery110207794919420178679_1527143266453&_=1527143266459, line 1: TypeError: jQuery110207794919420178679_1527143266453 is not a function
[Parent 6192, Gecko_IOThread] WARNING: pipe error: 109: file z:/build/build/src/ipc/chromium/src/chrome/common/ipc_channel_win.cc, line 346
1527143273123	geckodriver	INFO	Listening on 127.0.0.1:12898
1527143275216	geckodriver::marionette	INFO	Starting browser \\?\C:\Program Files (x86)\Mozilla Firefox\firefox.exe with args ["-marionette"]
1527143276451	Marionette	INFO	Enabled via --marionette
1527143279277	Marionette	INFO	Listening on port 12904
1527143279333	Marionette	WARN	TLS certificate errors will be ignored for this session
JavaScript error: https://ss1.bdstatic.com/5eN1bjq8AAUYm2zgoY3K/r/www/cache/static/protocol/https/plugins/every_cookie_4644b13.js, line 4: ReferenceError: c is not defined
JavaScript error: https://sp0.baidu.com/5a1Fazu8AA54nxGko9WTAnF6hhy/su?wd=Unco&json=1&p=3&sid=1457_21090_20927&req=2&csor=4&pwd=Unc&cb=jQuery1102049626577553657825_1527143279885&_=1527143279890, line 1: TypeError: jQuery1102049626577553657825_1527143279885 is not a function
JavaScript error: https://sp0.baidu.com/5a1Fazu8AA54nxGko9WTAnF6hhy/su?wd=Unc&json=1&p=3&sid=1457_21090_20927&req=2&csor=3&pwd=Un&cb=jQuery1102049626577553657825_1527143279885&_=1527143279889, line 1: TypeError: jQuery1102049626577553657825_1527143279885 is not a function
JavaScript error: https://sp0.baidu.com/5a1Fazu8AA54nxGko9WTAnF6hhy/su?wd=U&json=1&p=3&sid=1457_21090_20927&req=2&csor=1&cb=jQuery1102049626577553657825_1527143279885&_=1527143279887, line 1: TypeError: jQuery1102049626577553657825_1527143279885 is not a function
JavaScript error: https://sp0.baidu.com/5a1Fazu8AA54nxGko9WTAnF6hhy/su?wd=Uncod&json=1&p=3&sid=1457_21090_20927&req=2&csor=5&pwd=Unco&cb=jQuery1102049626577553657825_1527143279885&_=1527143279891, line 1: TypeError: jQuery1102049626577553657825_1527143279885 is not a function
JavaScript error: https://sp0.baidu.com/5a1Fazu8AA54nxGko9WTAnF6hhy/su?wd=Uncode&json=1&p=3&sid=1457_21090_20927&req=2&csor=6&pwd=Uncod&cb=jQuery1102049626577553657825_1527143279885&_=1527143279892, line 1: TypeError: jQuery1102049626577553657825_1527143279885 is not a function
[Parent 4704, Gecko_IOThread] WARNING: pipe error: 109: file z:/build/build/src/ipc/chromium/src/chrome/common/ipc_channel_win.cc, line 346
[Child 4496, Chrome_ChildThread] WARNING: pipe error: 109: file z:/build/build/src/ipc/chromium/src/chrome/common/ipc_channel_win.cc, line 346
[Child 4496, Chrome_ChildThread] WARNING: pipe error: 109: file z:/build/build/src/ipc/chromium/src/chrome/common/ipc_channel_win.cc, line 346
1527143286839	geckodriver	INFO	Listening on 127.0.0.1:12974
1527143288920	geckodriver::marionette	INFO	Starting browser \\?\C:\Program Files (x86)\Mozilla Firefox\firefox.exe with args ["-marionette"]
1527143290223	Marionette	INFO	Enabled via --marionette
1527143291544	Marionette	INFO	Listening on port 12980
1527143292062	Marionette	WARN	TLS certificate errors will be ignored for this session
JavaScript error: https://ss1.bdstatic.com/5eN1bjq8AAUYm2zgoY3K/r/www/cache/static/protocol/https/plugins/every_cookie_4644b13.js, line 4: ReferenceError: c is not defined
JavaScript error: https://sp0.baidu.com/5a1Fazu8AA54nxGko9WTAnF6hhy/su?wd=ruan&json=1&p=3&sid=1450_21109_18560_20927&req=2&csor=4&pwd=rua&cb=jQuery11020509297322871682_1527143292589&_=1527143292594, line 1: TypeError: jQuery11020509297322871682_1527143292589 is not a function
JavaScript error: https://sp0.baidu.com/5a1Fazu8AA54nxGko9WTAnF6hhy/su?wd=rua&json=1&p=3&sid=1450_21109_18560_20927&req=2&csor=3&pwd=ru&cb=jQuery11020509297322871682_1527143292589&_=1527143292593, line 1: TypeError: jQuery11020509297322871682_1527143292589 is not a function
JavaScript error: https://sp0.baidu.com/5a1Fazu8AA54nxGko9WTAnF6hhy/su?wd=ruanda&json=1&p=3&sid=1450_21109_18560_20927&req=2&csor=6&pwd=ruand&cb=jQuery11020509297322871682_1527143292589&_=1527143292596, line 1: TypeError: jQuery11020509297322871682_1527143292589 is not a function
JavaScript error: https://sp0.baidu.com/5a1Fazu8AA54nxGko9WTAnF6hhy/su?wd=ru&json=1&p=3&sid=1450_21109_18560_20927&req=2&csor=2&pwd=r&cb=jQuery11020509297322871682_1527143292589&_=1527143292592, line 1: TypeError: jQuery11020509297322871682_1527143292589 is not a function
JavaScript error: https://sp0.baidu.com/5a1Fazu8AA54nxGko9WTAnF6hhy/su?wd=r&json=1&p=3&sid=1450_21109_18560_20927&req=2&csor=1&cb=jQuery11020509297322871682_1527143292589&_=1527143292591, line 1: TypeError: jQuery11020509297322871682_1527143292589 is not a function
JavaScript error: https://sp0.baidu.com/5a1Fazu8AA54nxGko9WTAnF6hhy/su?wd=ruand&json=1&p=3&sid=1450_21109_18560_20927&req=2&csor=5&pwd=ruan&cb=jQuery11020509297322871682_1527143292589&_=1527143292595, line 1: TypeError: jQuery11020509297322871682_1527143292589 is not a function
1527143472130	geckodriver	INFO	Listening on 127.0.0.1:13066
1527143474224	geckodriver::marionette	INFO	Starting browser \\?\C:\Program Files (x86)\Mozilla Firefox\firefox.exe with args ["-marionette"]
1527143475489	Marionette	INFO	Enabled via --marionette
1527143476831	Marionette	INFO	Listening on port 13072
1527143477347	Marionette	WARN	TLS certificate errors will be ignored for this session
JavaScript error: https://ss1.bdstatic.com/5eN1bjq8AAUYm2zgoY3K/r/www/cache/static/protocol/https/plugins/every_cookie_4644b13.js, line 4: ReferenceError: c is not defined
JavaScript error: https://sp0.baidu.com/5a1Fazu8AA54nxGko9WTAnF6hhy/su?wd=pyt&json=1&p=3&sid=1455_26458_21091_22073&req=2&csor=3&pwd=py&cb=jQuery110206769497774927237_1527143479259&_=1527143479263, line 1: TypeError: jQuery110206769497774927237_1527143479259 is not a function
JavaScript error: https://sp0.baidu.com/5a1Fazu8AA54nxGko9WTAnF6hhy/su?wd=py&json=1&p=3&sid=1455_26458_21091_22073&req=2&csor=2&pwd=p&cb=jQuery110206769497774927237_1527143479259&_=1527143479262, line 1: TypeError: jQuery110206769497774927237_1527143479259 is not a function
JavaScript error: https://sp0.baidu.com/5a1Fazu8AA54nxGko9WTAnF6hhy/su?wd=p&json=1&p=3&sid=1455_26458_21091_22073&req=2&csor=1&cb=jQuery110206769497774927237_1527143479259&_=1527143479261, line 1: TypeError: jQuery110206769497774927237_1527143479259 is not a function
JavaScript error: https://sp0.baidu.com/5a1Fazu8AA54nxGko9WTAnF6hhy/su?wd=pyth&json=1&p=3&sid=1455_26458_21091_22073&req=2&csor=4&pwd=pyt&cb=jQuery110206769497774927237_1527143479259&_=1527143479264, line 1: TypeError: jQuery110206769497774927237_1527143479259 is not a function
JavaScript error: https://sp0.baidu.com/5a1Fazu8AA54nxGko9WTAnF6hhy/su?wd=python&json=1&p=3&sid=1455_26458_21091_22073&req=2&csor=6&pwd=pytho&cb=jQuery110206769497774927237_1527143479259&_=1527143479266, line 1: TypeError: jQuery110206769497774927237_1527143479259 is not a function
JavaScript error: https://sp0.baidu.com/5a1Fazu8AA54nxGko9WTAnF6hhy/su?wd=pytho&json=1&p=3&sid=1455_26458_21091_22073&req=2&csor=5&pwd=pyth&cb=jQuery110206769497774927237_1527143479259&_=1527143479265, line 1: TypeError: jQuery110206769497774927237_1527143479259 is not a function
[Parent 3964, Gecko_IOThread] WARNING: pipe error: 109: file z:/build/build/src/ipc/chromium/src/chrome/common/ipc_channel_win.cc, line 346
1527143485969	geckodriver	INFO	Listening on 127.0.0.1:13141
1527143488047	geckodriver::marionette	INFO	Starting browser \\?\C:\Program Files (x86)\Mozilla Firefox\firefox.exe with args ["-marionette"]
1527143489328	Marionette	INFO	Enabled via --marionette
1527143490701	Marionette	INFO	Listening on port 13147
1527143491155	Marionette	WARN	TLS certificate errors will be ignored for this session
JavaScript error: https://ss1.bdstatic.com/5eN1bjq8AAUYm2zgoY3K/r/www/cache/static/protocol/https/plugins/every_cookie_4644b13.js, line 4: ReferenceError: c is not defined
JavaScript error: https://sp0.baidu.com/5a1Fazu8AA54nxGko9WTAnF6hhy/su?wd=Un&json=1&p=3&sid=26357_1463_25810_21118_26350_26432_22160&req=2&csor=2&pwd=U&cb=jQuery1102046107773124769447_1527143491643&_=1527143491646, line 1: TypeError: jQuery1102046107773124769447_1527143491643 is not a function
JavaScript error: https://sp0.baidu.com/5a1Fazu8AA54nxGko9WTAnF6hhy/su?wd=U&json=1&p=3&sid=26357_1463_25810_21118_26350_26432_22160&req=2&csor=1&cb=jQuery1102046107773124769447_1527143491643&_=1527143491645, line 1: TypeError: jQuery1102046107773124769447_1527143491643 is not a function
JavaScript error: https://sp0.baidu.com/5a1Fazu8AA54nxGko9WTAnF6hhy/su?wd=Unc&json=1&p=3&sid=26357_1463_25810_21118_26350_26432_22160&req=2&csor=3&pwd=Un&cb=jQuery1102046107773124769447_1527143491643&_=1527143491647, line 1: TypeError: jQuery1102046107773124769447_1527143491643 is not a function
JavaScript error: https://sp0.baidu.com/5a1Fazu8AA54nxGko9WTAnF6hhy/su?wd=Uncode&json=1&p=3&sid=26357_1463_25810_21118_26350_26432_22160&req=2&csor=6&pwd=Uncod&cb=jQuery1102046107773124769447_1527143491643&_=1527143491650, line 1: TypeError: jQuery1102046107773124769447_1527143491643 is not a function
JavaScript error: https://sp0.baidu.com/5a1Fazu8AA54nxGko9WTAnF6hhy/su?wd=Unco&json=1&p=3&sid=26357_1463_25810_21118_26350_26432_22160&req=2&csor=4&pwd=Unc&cb=jQuery1102046107773124769447_1527143491643&_=1527143491648, line 1: TypeError: jQuery1102046107773124769447_1527143491643 is not a function
JavaScript error: https://sp0.baidu.com/5a1Fazu8AA54nxGko9WTAnF6hhy/su?wd=Uncod&json=1&p=3&sid=26357_1463_25810_21118_26350_26432_22160&req=2&csor=5&pwd=Unco&cb=jQuery1102046107773124769447_1527143491643&_=1527143491649, line 1: TypeError: jQuery1102046107773124769447_1527143491643 is not a function
[Parent 6220, Gecko_IOThread] WARNING: pipe error: 109: file z:/build/build/src/ipc/chromium/src/chrome/common/ipc_channel_win.cc, line 346
[Child 7760, Chrome_ChildThread] WARNING: pipe error: 109: file z:/build/build/src/ipc/chromium/src/chrome/common/ipc_channel_win.cc, line 346
[Child 7760, Chrome_ChildThread] WARNING: pipe error: 109: file z:/build/build/src/ipc/chromium/src/chrome/common/ipc_channel_win.cc, line 346
1527143498310	geckodriver	INFO	Listening on 127.0.0.1:13219
1527143500401	geckodriver::marionette	INFO	Starting browser \\?\C:\Program Files (x86)\Mozilla Firefox\firefox.exe with args ["-marionette"]
1527143501642	Marionette	INFO	Enabled via --marionette
1527143503504	Marionette	INFO	Listening on port 13225
1527143503525	Marionette	WARN	TLS certificate errors will be ignored for this session
JavaScript error: https://ss1.bdstatic.com/5eN1bjq8AAUYm2zgoY3K/r/www/cache/static/protocol/https/plugins/every_cookie_4644b13.js, line 4: ReferenceError: c is not defined
JavaScript error: https://sp0.baidu.com/5a1Fazu8AA54nxGko9WTAnF6hhy/su?wd=ruand&json=1&p=3&sid=1462_21108&req=2&csor=5&pwd=ruan&cb=jQuery110206759627610663463_1527143504037&_=1527143504043, line 1: TypeError: jQuery110206759627610663463_1527143504037 is not a function
JavaScript error: https://sp0.baidu.com/5a1Fazu8AA54nxGko9WTAnF6hhy/su?wd=rua&json=1&p=3&sid=1462_21108&req=2&csor=3&pwd=ru&cb=jQuery110206759627610663463_1527143504037&_=1527143504041, line 1: TypeError: jQuery110206759627610663463_1527143504037 is not a function
JavaScript error: https://sp0.baidu.com/5a1Fazu8AA54nxGko9WTAnF6hhy/su?wd=ru&json=1&p=3&sid=1462_21108&req=2&csor=2&pwd=r&cb=jQuery110206759627610663463_1527143504037&_=1527143504040, line 1: TypeError: jQuery110206759627610663463_1527143504037 is not a function
JavaScript error: https://sp0.baidu.com/5a1Fazu8AA54nxGko9WTAnF6hhy/su?wd=r&json=1&p=3&sid=1462_21108&req=2&csor=1&cb=jQuery110206759627610663463_1527143504037&_=1527143504039, line 1: TypeError: jQuery110206759627610663463_1527143504037 is not a function
JavaScript error: https://sp0.baidu.com/5a1Fazu8AA54nxGko9WTAnF6hhy/su?wd=ruanda&json=1&p=3&sid=1462_21108&req=2&csor=6&pwd=ruand&cb=jQuery110206759627610663463_1527143504037&_=1527143504044, line 1: TypeError: jQuery110206759627610663463_1527143504037 is not a function
JavaScript error: https://sp0.baidu.com/5a1Fazu8AA54nxGko9WTAnF6hhy/su?wd=ruan&json=1&p=3&sid=1462_21108&req=2&csor=4&pwd=rua&cb=jQuery110206759627610663463_1527143504037&_=1527143504042, line 1: TypeError: jQuery110206759627610663463_1527143504037 is not a function
1527303677695	geckodriver	INFO	Listening on 127.0.0.1:2492
1527303679742	geckodriver::marionette	INFO	Starting browser \\?\C:\Program Files (x86)\Mozilla Firefox\firefox.exe with args ["-marionette"]
1527303680989	Marionette	INFO	Enabled via --marionette
1527303683336	Marionette	INFO	Listening on port 2498
1527303683379	Marionette	WARN	TLS certificate errors will be ignored for this session
JavaScript error: https://ss1.bdstatic.com/5eN1bjq8AAUYm2zgoY3K/r/www/cache/static/protocol/https/plugins/every_cookie_4644b13.js, line 4: ReferenceError: c is not defined
JavaScript error: https://sp0.baidu.com/5a1Fazu8AA54nxGko9WTAnF6hhy/su?wd=pyth&json=1&p=3&sid=1420_21085_26350_26430&req=2&csor=4&pwd=pyt&cb=jQuery110203111148292853563_1527303684050&_=1527303684055, line 1: TypeError: jQuery110203111148292853563_1527303684050 is not a function
JavaScript error: https://sp0.baidu.com/5a1Fazu8AA54nxGko9WTAnF6hhy/su?wd=pyt&json=1&p=3&sid=1420_21085_26350_26430&req=2&csor=3&pwd=py&cb=jQuery110203111148292853563_1527303684050&_=1527303684054, line 1: TypeError: jQuery110203111148292853563_1527303684050 is not a function
JavaScript error: https://sp0.baidu.com/5a1Fazu8AA54nxGko9WTAnF6hhy/su?wd=py&json=1&p=3&sid=1420_21085_26350_26430&req=2&csor=2&pwd=p&cb=jQuery110203111148292853563_1527303684050&_=1527303684053, line 1: TypeError: jQuery110203111148292853563_1527303684050 is not a function
JavaScript error: https://sp0.baidu.com/5a1Fazu8AA54nxGko9WTAnF6hhy/su?wd=pytho&json=1&p=3&sid=1420_21085_26350_26430&req=2&csor=5&pwd=pyth&cb=jQuery110203111148292853563_1527303684050&_=1527303684056, line 1: TypeError: jQuery110203111148292853563_1527303684050 is not a function
JavaScript error: https://sp0.baidu.com/5a1Fazu8AA54nxGko9WTAnF6hhy/su?wd=python&json=1&p=3&sid=1420_21085_26350_26430&req=2&csor=6&pwd=pytho&cb=jQuery110203111148292853563_1527303684050&_=1527303684057, line 1: TypeError: jQuery110203111148292853563_1527303684050 is not a function
[Parent 1012, Gecko_IOThread] WARNING: pipe error: 109: file z:/build/build/src/ipc/chromium/src/chrome/common/ipc_channel_win.cc, line 346
[Child 4656, Chrome_ChildThread] WARNING: pipe error: 109: file z:/build/build/src/ipc/chromium/src/chrome/common/ipc_channel_win.cc, line 346
1527303690923	geckodriver	INFO	Listening on 127.0.0.1:2557
1527303692950	geckodriver::marionette	INFO	Starting browser \\?\C:\Program Files (x86)\Mozilla Firefox\firefox.exe with args ["-marionette"]
1527303694191	Marionette	INFO	Enabled via --marionette
1527303696537	Marionette	INFO	Listening on port 2563
1527303696597	Marionette	WARN	TLS certificate errors will be ignored for this session
JavaScript error: https://ss1.bdstatic.com/5eN1bjq8AAUYm2zgoY3K/r/www/cache/static/protocol/https/plugins/every_cookie_4644b13.js, line 4: ReferenceError: c is not defined
JavaScript error: https://sp0.baidu.com/5a1Fazu8AA54nxGko9WTAnF6hhy/su?wd=Unc&json=1&p=3&sid=1422_21103_18560_26432_20930&req=2&csor=3&pwd=Un&cb=jQuery110203695890326023521_1527303697208&_=1527303697212, line 1: TypeError: jQuery110203695890326023521_1527303697208 is not a function
JavaScript error: https://sp0.baidu.com/5a1Fazu8AA54nxGko9WTAnF6hhy/su?wd=Unco&json=1&p=3&sid=1422_21103_18560_26432_20930&req=2&csor=4&pwd=Unc&cb=jQuery110203695890326023521_1527303697208&_=1527303697213, line 1: TypeError: jQuery110203695890326023521_1527303697208 is not a function
JavaScript error: https://sp0.baidu.com/5a1Fazu8AA54nxGko9WTAnF6hhy/su?wd=Uncode&json=1&p=3&sid=1422_21103_18560_26432_20930&req=2&csor=6&pwd=Uncod&cb=jQuery110203695890326023521_1527303697208&_=1527303697215, line 1: TypeError: jQuery110203695890326023521_1527303697208 is not a function
JavaScript error: https://sp0.baidu.com/5a1Fazu8AA54nxGko9WTAnF6hhy/su?wd=Uncod&json=1&p=3&sid=1422_21103_18560_26432_20930&req=2&csor=5&pwd=Unco&cb=jQuery110203695890326023521_1527303697208&_=1527303697214, line 1: TypeError: jQuery110203695890326023521_1527303697208 is not a function
1527303704027	geckodriver	INFO	Listening on 127.0.0.1:2628
1527303706082	geckodriver::marionette	INFO	Starting browser \\?\C:\Program Files (x86)\Mozilla Firefox\firefox.exe with args ["-marionette"]
1527303707329	Marionette	INFO	Enabled via --marionette
1527303709732	Marionette	INFO	Listening on port 2634
1527303710197	Marionette	WARN	TLS certificate errors will be ignored for this session
JavaScript error: https://ss1.bdstatic.com/5eN1bjq8AAUYm2zgoY3K/r/www/cache/static/protocol/https/plugins/every_cookie_4644b13.js, line 4: ReferenceError: c is not defined
JavaScript error: https://sp0.baidu.com/5a1Fazu8AA54nxGko9WTAnF6hhy/su?wd=rua&json=1&p=3&sid=1460_21107_26350_22157&req=2&csor=3&pwd=ru&cb=jQuery110205650103533138657_1527303710761&_=1527303710765, line 1: TypeError: jQuery110205650103533138657_1527303710761 is not a function
JavaScript error: https://sp0.baidu.com/5a1Fazu8AA54nxGko9WTAnF6hhy/su?wd=ruanda&json=1&p=3&sid=1460_21107_26350_22157&req=2&csor=6&pwd=ruand&cb=jQuery110205650103533138657_1527303710761&_=1527303710768, line 1: TypeError: jQuery110205650103533138657_1527303710761 is not a function
JavaScript error: https://sp0.baidu.com/5a1Fazu8AA54nxGko9WTAnF6hhy/su?wd=ruand&json=1&p=3&sid=1460_21107_26350_22157&req=2&csor=5&pwd=ruan&cb=jQuery110205650103533138657_1527303710761&_=1527303710767, line 1: TypeError: jQuery110205650103533138657_1527303710761 is not a function
JavaScript error: https://sp0.baidu.com/5a1Fazu8AA54nxGko9WTAnF6hhy/su?wd=ruan&json=1&p=3&sid=1460_21107_26350_22157&req=2&csor=4&pwd=rua&cb=jQuery110205650103533138657_1527303710761&_=1527303710766, line 1: TypeError: jQuery110205650103533138657_1527303710761 is not a function
[Child 7816, Chrome_ChildThread] WARNING: pipe error: 109: file z:/build/build/src/ipc/chromium/src/chrome/common/ipc_channel_win.cc, line 346
[Child 7816, Chrome_ChildThread] WARNING: pipe error: 109: file z:/build/build/src/ipc/chromium/src/chrome/common/ipc_channel_win.cc, line 346
