1527151778514	geckodriver	INFO	Listening on 127.0.0.1:15225
1527151780593	geckodriver::marionette	INFO	Starting browser \\?\C:\Program Files (x86)\Mozilla Firefox\firefox.exe with args ["-marionette"]
1527151781829	Marionette	INFO	Enabled via --marionette
1527151783822	Marionette	INFO	Listening on port 15232
1527151784208	Marionette	WARN	TLS certificate errors will be ignored for this session
1527151784327	addons.xpi	WARN	Exception running bootstrap method shutdown on activity-stream@mozilla.org: [Exception... "Component returned failure code: 0x80004005 (NS_ERROR_FAILURE) [nsIObserverService.removeObserver]"  nsresult: "0x80004005 (NS_ERROR_FAILURE)"  location: "JS frame :: resource://activity-stream/lib/SnippetsFeed.jsm :: uninit :: line 125"  data: no] Stack trace: uninit()@resource://activity-stream/lib/SnippetsFeed.jsm:125 < onAction()@resource://activity-stream/lib/SnippetsFeed.jsm:141 < _middleware/</<()@resource://activity-stream/lib/Store.jsm:51 < Store/this[method]()@resource://activity-stream/lib/Store.jsm:30 < uninit()@resource://activity-stream/lib/Store.jsm:153 < uninit()@resource://activity-stream/lib/ActivityStream.jsm:278 < uninit()@resource://gre/modules/addons/XPIProvider.jsm -> jar:file:///C:/Program%20Files%20(x86)/Mozilla%20Firefox/browser/features/activity-stream@mozilla.org.xpi!/bootstrap.js:80 < shutdown()@resource://gre/modules/addons/XPIProvider.jsm -> jar:file:///C:/Program%20Files%20(x86)/Mozilla%20Firefox/browser/features/activity-stream@mozilla.org.xpi!/bootstrap.js:196 < callBootstrapMethod()@resource://gre/modules/addons/XPIProvider.jsm:4406 < observe()@resource://gre/modules/addons/XPIProvider.jsm:2270 < GeckoDriver.prototype.quit()@driver.js:3381 < despatch()@server.js:560 < execute()@server.js:534 < onPacket/<()@server.js:509 < onPacket()@server.js:508 < _onJSONObjectReady/<()@transport.js:500
[Child 7320, Chrome_ChildThread] WARNING: pipe error: 109: file z:/build/build/src/ipc/chromium/src/chrome/common/ipc_channel_win.cc, line 346
1527151855962	geckodriver	INFO	Listening on 127.0.0.1:15269
1527151858049	geckodriver::marionette	INFO	Starting browser \\?\C:\Program Files (x86)\Mozilla Firefox\firefox.exe with args ["-marionette"]
1527151859280	Marionette	INFO	Enabled via --marionette
1527151860637	Marionette	INFO	Listening on port 15277
1527151861166	Marionette	WARN	TLS certificate errors will be ignored for this session
1527151861293	addons.xpi	WARN	Exception running bootstrap method shutdown on activity-stream@mozilla.org: [Exception... "Component returned failure code: 0x80004005 (NS_ERROR_FAILURE) [nsIObserverService.removeObserver]"  nsresult: "0x80004005 (NS_ERROR_FAILURE)"  location: "JS frame :: resource://activity-stream/lib/SnippetsFeed.jsm :: uninit :: line 125"  data: no] Stack trace: uninit()@resource://activity-stream/lib/SnippetsFeed.jsm:125 < onAction()@resource://activity-stream/lib/SnippetsFeed.jsm:141 < _middleware/</<()@resource://activity-stream/lib/Store.jsm:51 < Store/this[method]()@resource://activity-stream/lib/Store.jsm:30 < uninit()@resource://activity-stream/lib/Store.jsm:153 < uninit()@resource://activity-stream/lib/ActivityStream.jsm:278 < uninit()@resource://gre/modules/addons/XPIProvider.jsm -> jar:file:///C:/Program%20Files%20(x86)/Mozilla%20Firefox/browser/features/activity-stream@mozilla.org.xpi!/bootstrap.js:80 < shutdown()@resource://gre/modules/addons/XPIProvider.jsm -> jar:file:///C:/Program%20Files%20(x86)/Mozilla%20Firefox/browser/features/activity-stream@mozilla.org.xpi!/bootstrap.js:196 < callBootstrapMethod()@resource://gre/modules/addons/XPIProvider.jsm:4406 < observe()@resource://gre/modules/addons/XPIProvider.jsm:2270 < GeckoDriver.prototype.quit()@driver.js:3381 < despatch()@server.js:560 < execute()@server.js:534 < onPacket/<()@server.js:509 < onPacket()@server.js:508 < _onJSONObjectReady/<()@transport.js:500
[Child 5928, Chrome_ChildThread] WARNING: pipe error: 109: file z:/build/build/src/ipc/chromium/src/chrome/common/ipc_channel_win.cc, line 346
[Child 5928, Chrome_ChildThread] WARNING: pipe error: 109: file z:/build/build/src/ipc/chromium/src/chrome/common/ipc_channel_win.cc, line 346
1527233459590	geckodriver	INFO	Listening on 127.0.0.1:31071
1527233461652	geckodriver::marionette	INFO	Starting browser \\?\C:\Program Files (x86)\Mozilla Firefox\firefox.exe with args ["-marionette"]
1527233463138	Marionette	INFO	Enabled via --marionette
1527233464706	Marionette	INFO	Listening on port 31081
1527233464790	Marionette	WARN	TLS certificate errors will be ignored for this session
JavaScript error: https://ss1.bdstatic.com/5eN1bjq8AAUYm2zgoY3K/r/www/cache/static/protocol/https/plugins/every_cookie_4644b13.js, line 4: ReferenceError: c is not defined
JavaScript error: https://sp0.baidu.com/5a1Fazu8AA54nxGko9WTAnF6hhy/su?wd=H&json=1&p=3&sid=1444_21117&req=2&csor=1&cb=jQuery110204435011224969071_1527233465435&_=1527233465437, line 1: TypeError: jQuery110204435011224969071_1527233465435 is not a function
JavaScript error: https://sp0.baidu.com/5a1Fazu8AA54nxGko9WTAnF6hhy/su?wd=HT&json=1&p=3&sid=1444_21117&req=2&csor=2&pwd=H&cb=jQuery110204435011224969071_1527233465435&_=1527233465438, line 1: TypeError: jQuery110204435011224969071_1527233465435 is not a function
JavaScript error: https://sp0.baidu.com/5a1Fazu8AA54nxGko9WTAnF6hhy/su?wd=HTT&json=1&p=3&sid=1444_21117&req=2&csor=3&pwd=HT&cb=jQuery110204435011224969071_1527233465435&_=1527233465439, line 1: TypeError: jQuery110204435011224969071_1527233465435 is not a function
JavaScript error: https://sp0.baidu.com/5a1Fazu8AA54nxGko9WTAnF6hhy/su?wd=HTTP&json=1&p=3&sid=1444_21117&req=2&csor=4&pwd=HTT&cb=jQuery110204435011224969071_1527233465435&_=1527233465440, line 1: TypeError: jQuery110204435011224969071_1527233465435 is not a function
1527233472136	geckodriver	INFO	Listening on 127.0.0.1:31165
1527233474197	geckodriver::marionette	INFO	Starting browser \\?\C:\Program Files (x86)\Mozilla Firefox\firefox.exe with args ["-marionette"]
1527233475444	Marionette	INFO	Enabled via --marionette
1527233476798	Marionette	INFO	Listening on port 31176
1527233477328	Marionette	WARN	TLS certificate errors will be ignored for this session
JavaScript error: https://ss1.bdstatic.com/5eN1bjq8AAUYm2zgoY3K/r/www/cache/static/protocol/https/plugins/every_cookie_4644b13.js, line 4: ReferenceError: c is not defined
JavaScript error: https://sp0.baidu.com/5a1Fazu8AA54nxGko9WTAnF6hhy/su?wd=ee&json=1&p=3&sid=1421_21088_26431_22075&req=2&csor=2&pwd=e&cb=jQuery1102022327773132302675_1527233477918&_=1527233477921, line 1: TypeError: jQuery1102022327773132302675_1527233477918 is not a function
JavaScript error: https://sp0.baidu.com/5a1Fazu8AA54nxGko9WTAnF6hhy/su?wd=e&json=1&p=3&sid=1421_21088_26431_22075&req=2&csor=1&cb=jQuery1102022327773132302675_1527233477918&_=1527233477920, line 1: TypeError: jQuery1102022327773132302675_1527233477918 is not a function
JavaScript error: https://sp0.baidu.com/5a1Fazu8AA54nxGko9WTAnF6hhy/su?wd=eee&json=1&p=3&sid=1421_21088_26431_22075&req=2&csor=3&pwd=ee&cb=jQuery1102022327773132302675_1527233477918&_=1527233477922, line 1: TypeError: jQuery1102022327773132302675_1527233477918 is not a function
[Child 8300, Chrome_ChildThread] WARNING: pipe error: 109: file z:/build/build/src/ipc/chromium/src/chrome/common/ipc_channel_win.cc, line 346
1527314570370	geckodriver	INFO	Listening on 127.0.0.1:5797
1527314572430	geckodriver::marionette	INFO	Starting browser \\?\C:\Program Files (x86)\Mozilla Firefox\firefox.exe with args ["-marionette"]
1527314573880	Marionette	INFO	Enabled via --marionette
1527314576275	Marionette	INFO	Listening on port 5803
1527314576549	Marionette	WARN	TLS certificate errors will be ignored for this session
JavaScript error: https://ss1.bdstatic.com/5eN1bjq8AAUYm2zgoY3K/r/www/cache/static/protocol/https/plugins/every_cookie_4644b13.js, line 4: ReferenceError: c is not defined
JavaScript error: https://sp0.baidu.com/5a1Fazu8AA54nxGko9WTAnF6hhy/su?wd=H&json=1&p=3&sid=13550_1425_26258_21080_20718&req=2&csor=1&cb=jQuery1102033373635023945325_1527314577178&_=1527314577180, line 1: TypeError: jQuery1102033373635023945325_1527314577178 is not a function
JavaScript error: https://sp0.baidu.com/5a1Fazu8AA54nxGko9WTAnF6hhy/su?wd=HT&json=1&p=3&sid=13550_1425_26258_21080_20718&req=2&csor=2&pwd=H&cb=jQuery1102033373635023945325_1527314577178&_=1527314577181, line 1: TypeError: jQuery1102033373635023945325_1527314577178 is not a function
JavaScript error: https://sp0.baidu.com/5a1Fazu8AA54nxGko9WTAnF6hhy/su?wd=HTTP&json=1&p=3&sid=13550_1425_26258_21080_20718&req=2&csor=4&pwd=HTT&cb=jQuery1102033373635023945325_1527314577178&_=1527314577183, line 1: TypeError: jQuery1102033373635023945325_1527314577178 is not a function
JavaScript error: https://sp0.baidu.com/5a1Fazu8AA54nxGko9WTAnF6hhy/su?wd=HTT&json=1&p=3&sid=13550_1425_26258_21080_20718&req=2&csor=3&pwd=HT&cb=jQuery1102033373635023945325_1527314577178&_=1527314577182, line 1: TypeError: jQuery1102033373635023945325_1527314577178 is not a function
[Parent 6160, Gecko_IOThread] WARNING: pipe error: 109: file z:/build/build/src/ipc/chromium/src/chrome/common/ipc_channel_win.cc, line 346
[Child 6192, Chrome_ChildThread] WARNING: pipe error: 109: file z:/build/build/src/ipc/chromium/src/chrome/common/ipc_channel_win.cc, line 346
1527314584288	geckodriver	INFO	Listening on 127.0.0.1:5862
1527314586373	geckodriver::marionette	INFO	Starting browser \\?\C:\Program Files (x86)\Mozilla Firefox\firefox.exe with args ["-marionette"]
1527314587639	Marionette	INFO	Enabled via --marionette
1527314590007	Marionette	INFO	Listening on port 5868
1527314590490	Marionette	WARN	TLS certificate errors will be ignored for this session
JavaScript error: https://ss1.bdstatic.com/5eN1bjq8AAUYm2zgoY3K/r/www/cache/static/protocol/https/plugins/every_cookie_4644b13.js, line 4: ReferenceError: c is not defined
JavaScript error: https://sp0.baidu.com/5a1Fazu8AA54nxGko9WTAnF6hhy/su?wd=ee&json=1&p=3&sid=1428_21109_20927&req=2&csor=2&pwd=e&cb=jQuery110207620203661615662_1527314591021&_=1527314591024, line 1: TypeError: jQuery110207620203661615662_1527314591021 is not a function
JavaScript error: https://sp0.baidu.com/5a1Fazu8AA54nxGko9WTAnF6hhy/su?wd=eee&json=1&p=3&sid=1428_21109_20927&req=2&csor=3&pwd=ee&cb=jQuery110207620203661615662_1527314591021&_=1527314591025, line 1: TypeError: jQuery110207620203661615662_1527314591021 is not a function
[Parent 7160, Gecko_IOThread] WARNING: pipe error: 109: file z:/build/build/src/ipc/chromium/src/chrome/common/ipc_channel_win.cc, line 346
[Child 7444, Chrome_ChildThread] WARNING: pipe error: 109: file z:/build/build/src/ipc/chromium/src/chrome/common/ipc_channel_win.cc, line 346
1567221464846	mozrunner::runner	INFO	Running command: "C:\\Program Files\\Mozilla Firefox\\firefox.exe" "-marionette" "-foreground" "-no-remote" "-profile" "C:\\Users\\Demon\\AppData\\Local\\Temp\\rust_mozprofile.5JhvjSmQZ7NA"
1567221465323	addons.webextension.screenshots@mozilla.org	WARN	Loading extension 'screenshots@mozilla.org': Reading manifest: Invalid extension permission: mozillaAddons
1567221465323	addons.webextension.screenshots@mozilla.org	WARN	Loading extension 'screenshots@mozilla.org': Reading manifest: Invalid extension permission: telemetry
1567221465323	addons.webextension.screenshots@mozilla.org	WARN	Loading extension 'screenshots@mozilla.org': Reading manifest: Invalid extension permission: resource://pdf.js/
1567221465324	addons.webextension.screenshots@mozilla.org	WARN	Loading extension 'screenshots@mozilla.org': Reading manifest: Invalid extension permission: about:reader*
1567221467321	Marionette	INFO	Listening on port 2184
1567221467560	Marionette	WARN	TLS certificate errors will be ignored for this session
1567221474377	Marionette	INFO	Stopped listening on port 2184
[Child 5404, Chrome_ChildThread] WARNING: pipe error: 109: file z:/tas[Child 7432, Chrome_ChildThread] WARNING: pipe error: 109: file z:/task_1565706750/build/src/ipc/chromium/src/chrome/common/ipc_channel_win.cc, line 341
[Child 7432, Chrome_ChildThread] WARNING: pipe error: 109: file z:/task_1565706750/build/src/ipc/chromium/s1567221479157	mozrunner::runner	INFO	Running command: "C:\\Program Files\\Mozilla Firefox\\firefox.exe" "-marionette" "-foreground" "-no-remote" "-profile" "C:\\Users\\Demon\\AppData\\Local\\Temp\\rust_mozprofile.Bg8nca1Be2cr"
1567221479657	addons.webextension.screenshots@mozilla.org	WARN	Loading extension 'screenshots@mozilla.org': Reading manifest: Invalid extension permission: mozillaAddons
1567221479657	addons.webextension.screenshots@mozilla.org	WARN	Loading extension 'screenshots@mozilla.org': Reading manifest: Invalid extension permission: telemetry
1567221479657	addons.webextension.screenshots@mozilla.org	WARN	Loading extension 'screenshots@mozilla.org': Reading manifest: Invalid extension permission: resource://pdf.js/
1567221479657	addons.webextension.screenshots@mozilla.org	WARN	Loading extension 'screenshots@mozilla.org': Reading manifest: Invalid extension permission: about:reader*
1567221481455	Marionette	INFO	Listening on port 2248
1567221481865	Marionette	WARN	TLS certificate errors will be ignored for this session
1567221488627	Marionette	INFO	Stopped listening on port 2248
[Parent 7728, Gecko_IOThread] WARNING: pipe error: 109: file z:/task_1565706750/build/src/ipc/chromium/src/chrome/common/ipc_channel_win.cc, line 341
[Child 7192, Chrome_ChildThread] WARNING: pipe error: 109: file z:/task_1565706750/build/src/ipc/chromium/src/chrome/common/ipc_channel_win.cc, line 341
[Child 7192, Chrome_C[Child 5208, Chrome_ChildThread] WARNING: pipe error: 109: file z:/task_1565706750/build/src/ipc/chromium/src/c[Parent 7728, Gecko_IOThread] WARNING: pipe error: 109: file z:/task_1565706750/build/src/ipc/chromium/src/chrome/common/ipc_channel_win.cc, line 341
[Child 6960, Chrome_ChildThread] WARNING: pipe error: 109: file z:/task_1565706750/build/src/ipc/chromium/src/chrome/common/ipc_channel_win.cc, line 341
[Child 6960, Chrome