2021-11-24 22:29:38,509 desired_caps.py[line:26] INFO start app...
2021-11-24 22:29:55,707 desired_caps.py[line:26] INFO start app...
2021-11-24 22:30:08,821 common_fun.py[line:14] INFO ==========check_cancelBtn=========
2021-11-24 22:30:10,229 common_fun.py[line:23] INFO =========check skipBtn=============
2021-11-24 22:32:05,919 desired_caps.py[line:26] INFO start app...
2021-11-24 22:32:17,337 common_fun.py[line:14] INFO ==========check_cancelBtn=========
2021-11-24 22:32:18,827 common_fun.py[line:23] INFO =========check skipBtn=============
2021-11-24 22:32:20,187 loginView.py[line:17] INFO ============login_action==============
2021-11-24 22:32:20,187 loginView.py[line:18] INFO username is:自学网2018
2021-11-24 22:32:26,105 loginView.py[line:21] INFO password is:zxw2018
2021-11-24 22:32:31,422 loginView.py[line:24] INFO click loginBtn
2021-11-24 22:32:32,122 loginView.py[line:26] INFO login finished!
2021-11-24 23:03:29,322 desired_caps.py[line:25] INFO start app...
2021-11-24 23:03:44,016 desired_caps.py[line:25] INFO start app...
2021-11-24 23:03:57,386 common_fun.py[line:14] INFO ==========check_cancelBtn=========
2021-11-24 23:03:58,752 common_fun.py[line:23] INFO =========check skipBtn=============
2021-11-24 23:04:00,114 loginView.py[line:17] INFO ============login_action==============
2021-11-24 23:04:00,114 loginView.py[line:18] INFO username is:自学网2018
2021-11-24 23:09:12,780 desired_caps.py[line:30] INFO start app...
2021-11-24 23:13:03,446 desired_caps.py[line:31] INFO start app...
2021-11-24 23:13:14,833 common_fun.py[line:14] INFO ==========check_cancelBtn=========
2021-11-24 23:13:16,282 common_fun.py[line:23] INFO =========check skipBtn=============
2021-11-24 23:13:17,646 loginView.py[line:17] INFO ============login_action==============
2021-11-24 23:13:17,646 loginView.py[line:18] INFO username is:自学网2018
2021-11-24 23:13:23,586 loginView.py[line:21] INFO password is:zxw2018
2021-11-24 23:13:28,785 loginView.py[line:24] INFO click loginBtn
2021-11-24 23:13:29,477 loginView.py[line:26] INFO login finished!
2021-11-25 21:19:58,156 desired_caps.py[line:30] INFO start app...
2021-11-25 21:20:54,838 desired_caps.py[line:30] INFO start app...
